Determining if the pthread_create exist failed with the following output:
Change Dir: /home/lucas/Documentos/Github/CUDA/Introduction-to-Parallel-Programming/Problem-Set-4/build/CMakeFiles/CMakeTmp

Run Build Command:"/usr/bin/make" "cmTC_95d66/fast"
/usr/bin/make -f CMakeFiles/cmTC_95d66.dir/build.make CMakeFiles/cmTC_95d66.dir/build
make[1]: Entering directory '/home/lucas/Documentos/Github/CUDA/Introduction-to-Parallel-Programming/Problem-Set-4/build/CMakeFiles/CMakeTmp'
Building C object CMakeFiles/cmTC_95d66.dir/CheckSymbolExists.c.o
/usr/bin/cc    -fPIC    -o CMakeFiles/cmTC_95d66.dir/CheckSymbolExists.c.o   -c /home/lucas/Documentos/Github/CUDA/Introduction-to-Parallel-Programming/Problem-Set-4/build/CMakeFiles/CMakeTmp/CheckSymbolExists.c
Linking C executable cmTC_95d66
/usr/bin/cmake -E cmake_link_script CMakeFiles/cmTC_95d66.dir/link.txt --verbose=1
/usr/bin/cc  -fPIC     CMakeFiles/cmTC_95d66.dir/CheckSymbolExists.c.o  -o cmTC_95d66 -rdynamic 
CMakeFiles/cmTC_95d66.dir/CheckSymbolExists.c.o: na função `main':
CheckSymbolExists.c:(.text+0x1b): referência indefinida para `pthread_create'
collect2: error: ld returned 1 exit status
CMakeFiles/cmTC_95d66.dir/build.make:97: recipe for target 'cmTC_95d66' failed
make[1]: *** [cmTC_95d66] Error 1
make[1]: Leaving directory '/home/lucas/Documentos/Github/CUDA/Introduction-to-Parallel-Programming/Problem-Set-4/build/CMakeFiles/CMakeTmp'
Makefile:126: recipe for target 'cmTC_95d66/fast' failed
make: *** [cmTC_95d66/fast] Error 2

File /home/lucas/Documentos/Github/CUDA/Introduction-to-Parallel-Programming/Problem-Set-4/build/CMakeFiles/CMakeTmp/CheckSymbolExists.c:
/* */
#include <pthread.h>

int main(int argc, char** argv)
{
  (void)argv;
#ifndef pthread_create
  return ((int*)(&pthread_create))[argc];
#else
  (void)argc;
  return 0;
#endif
}

Determining if the function pthread_create exists in the pthreads failed with the following output:
Change Dir: /home/lucas/Documentos/Github/CUDA/Introduction-to-Parallel-Programming/Problem-Set-4/build/CMakeFiles/CMakeTmp

Run Build Command:"/usr/bin/make" "cmTC_1b442/fast"
/usr/bin/make -f CMakeFiles/cmTC_1b442.dir/build.make CMakeFiles/cmTC_1b442.dir/build
make[1]: Entering directory '/home/lucas/Documentos/Github/CUDA/Introduction-to-Parallel-Programming/Problem-Set-4/build/CMakeFiles/CMakeTmp'
Building C object CMakeFiles/cmTC_1b442.dir/CheckFunctionExists.c.o
/usr/bin/cc    -fPIC -DCHECK_FUNCTION_EXISTS=pthread_create   -o CMakeFiles/cmTC_1b442.dir/CheckFunctionExists.c.o   -c /usr/share/cmake-3.5/Modules/CheckFunctionExists.c
Linking C executable cmTC_1b442
/usr/bin/cmake -E cmake_link_script CMakeFiles/cmTC_1b442.dir/link.txt --verbose=1
/usr/bin/cc  -fPIC -DCHECK_FUNCTION_EXISTS=pthread_create    CMakeFiles/cmTC_1b442.dir/CheckFunctionExists.c.o  -o cmTC_1b442 -rdynamic -lpthreads 
/usr/bin/ld: não foi possível encontrar -lpthreads
collect2: error: ld returned 1 exit status
CMakeFiles/cmTC_1b442.dir/build.make:97: recipe for target 'cmTC_1b442' failed
make[1]: *** [cmTC_1b442] Error 1
make[1]: Leaving directory '/home/lucas/Documentos/Github/CUDA/Introduction-to-Parallel-Programming/Problem-Set-4/build/CMakeFiles/CMakeTmp'
Makefile:126: recipe for target 'cmTC_1b442/fast' failed
make: *** [cmTC_1b442/fast] Error 2


