Determining if the pthread_create exist failed with the following output:
Change Dir: /home/lucas/Documentos/Github/CUDA/Introduction-to-Parallel-Programming/Problem-Set-3/build/CMakeFiles/CMakeTmp

Run Build Command:"/usr/bin/make" "cmTC_fecfc/fast"
/usr/bin/make -f CMakeFiles/cmTC_fecfc.dir/build.make CMakeFiles/cmTC_fecfc.dir/build
make[1]: Entering directory '/home/lucas/Documentos/Github/CUDA/Introduction-to-Parallel-Programming/Problem-Set-3/build/CMakeFiles/CMakeTmp'
Building C object CMakeFiles/cmTC_fecfc.dir/CheckSymbolExists.c.o
/usr/bin/cc    -fPIC    -o CMakeFiles/cmTC_fecfc.dir/CheckSymbolExists.c.o   -c /home/lucas/Documentos/Github/CUDA/Introduction-to-Parallel-Programming/Problem-Set-3/build/CMakeFiles/CMakeTmp/CheckSymbolExists.c
Linking C executable cmTC_fecfc
/usr/bin/cmake -E cmake_link_script CMakeFiles/cmTC_fecfc.dir/link.txt --verbose=1
/usr/bin/cc  -fPIC     CMakeFiles/cmTC_fecfc.dir/CheckSymbolExists.c.o  -o cmTC_fecfc -rdynamic 
CMakeFiles/cmTC_fecfc.dir/CheckSymbolExists.c.o: na função `main':
CheckSymbolExists.c:(.text+0x1b): referência indefinida para `pthread_create'
collect2: error: ld returned 1 exit status
CMakeFiles/cmTC_fecfc.dir/build.make:97: recipe for target 'cmTC_fecfc' failed
make[1]: *** [cmTC_fecfc] Error 1
make[1]: Leaving directory '/home/lucas/Documentos/Github/CUDA/Introduction-to-Parallel-Programming/Problem-Set-3/build/CMakeFiles/CMakeTmp'
Makefile:126: recipe for target 'cmTC_fecfc/fast' failed
make: *** [cmTC_fecfc/fast] Error 2

File /home/lucas/Documentos/Github/CUDA/Introduction-to-Parallel-Programming/Problem-Set-3/build/CMakeFiles/CMakeTmp/CheckSymbolExists.c:
/* */
#include <pthread.h>

int main(int argc, char** argv)
{
  (void)argv;
#ifndef pthread_create
  return ((int*)(&pthread_create))[argc];
#else
  (void)argc;
  return 0;
#endif
}

Determining if the function pthread_create exists in the pthreads failed with the following output:
Change Dir: /home/lucas/Documentos/Github/CUDA/Introduction-to-Parallel-Programming/Problem-Set-3/build/CMakeFiles/CMakeTmp

Run Build Command:"/usr/bin/make" "cmTC_79c54/fast"
/usr/bin/make -f CMakeFiles/cmTC_79c54.dir/build.make CMakeFiles/cmTC_79c54.dir/build
make[1]: Entering directory '/home/lucas/Documentos/Github/CUDA/Introduction-to-Parallel-Programming/Problem-Set-3/build/CMakeFiles/CMakeTmp'
Building C object CMakeFiles/cmTC_79c54.dir/CheckFunctionExists.c.o
/usr/bin/cc    -fPIC -DCHECK_FUNCTION_EXISTS=pthread_create   -o CMakeFiles/cmTC_79c54.dir/CheckFunctionExists.c.o   -c /usr/share/cmake-3.5/Modules/CheckFunctionExists.c
Linking C executable cmTC_79c54
/usr/bin/cmake -E cmake_link_script CMakeFiles/cmTC_79c54.dir/link.txt --verbose=1
/usr/bin/cc  -fPIC -DCHECK_FUNCTION_EXISTS=pthread_create    CMakeFiles/cmTC_79c54.dir/CheckFunctionExists.c.o  -o cmTC_79c54 -rdynamic -lpthreads 
/usr/bin/ld: não foi possível encontrar -lpthreads
collect2: error: ld returned 1 exit status
CMakeFiles/cmTC_79c54.dir/build.make:97: recipe for target 'cmTC_79c54' failed
make[1]: *** [cmTC_79c54] Error 1
make[1]: Leaving directory '/home/lucas/Documentos/Github/CUDA/Introduction-to-Parallel-Programming/Problem-Set-3/build/CMakeFiles/CMakeTmp'
Makefile:126: recipe for target 'cmTC_79c54/fast' failed
make: *** [cmTC_79c54/fast] Error 2


